<?xml version="1.0" encoding="UTF-8"?>
<!-- Generated by org.testng.reporters.JUnitReportReporter -->
<testsuite name="ExcelReaderTest.ParellalTestExample" tests="4" time="0.035" ignored="0" failures="0" timestamp="12 Dec 2017 11:53:13 GMT" skipped="0" hostname="RIPLBRD50" errors="0">
  <testcase name="ParellelTest2" time="0.008" classname="ExcelReaderTest.ParellalTestExample"/>
  <testcase name="ParellelTest3" time="0.009" classname="ExcelReaderTest.ParellalTestExample"/>
  <testcase name="ParellelTest1" time="0.009" classname="ExcelReaderTest.ParellalTestExample"/>
  <testcase name="ParellelTest4" time="0.009" classname="ExcelReaderTest.ParellalTestExample"/>
</testsuite> <!-- ExcelReaderTest.ParellalTestExample -->
