<?xml version="1.0" encoding="UTF-8"?>
<!-- Generated by org.testng.reporters.JUnitReportReporter -->
<testsuite name="ExcelReaderTest.GroupTestExample" tests="4" time="0.011" ignored="0" failures="0" timestamp="12 Dec 2017 11:41:44 GMT" skipped="0" hostname="RIPLBRD50" errors="0">
  <testcase name="smoketest4" time="0.001" classname="ExcelReaderTest.GroupTestExample"/>
  <testcase name="smoketest2" time="0.001" classname="ExcelReaderTest.GroupTestExample"/>
  <testcase name="Regressiontest1" time="0.008" classname="ExcelReaderTest.GroupTestExample"/>
  <testcase name="Regressiontest3" time="0.001" classname="ExcelReaderTest.GroupTestExample"/>
</testsuite> <!-- ExcelReaderTest.GroupTestExample -->
