<?xml version="1.0" encoding="UTF-8"?>
<!-- Generated by org.testng.reporters.JUnitReportReporter -->
<testsuite name="ExcelReaderTest.AnnotationTest" tests="2" time="0.005" ignored="0" failures="0" timestamp="12 Dec 2017 11:26:12 GMT" skipped="0" hostname="RIPLBRD50" errors="0">
  <testcase name="test2" time="0.001" classname="ExcelReaderTest.AnnotationTest"/>
  <testcase name="test1" time="0.004" classname="ExcelReaderTest.AnnotationTest"/>
</testsuite> <!-- ExcelReaderTest.AnnotationTest -->
