<?xml version="1.0" encoding="UTF-8"?>
<!-- Generated by org.testng.reporters.JUnitReportReporter -->
<testsuite name="ExcelReaderTest.ParatmeterExample" tests="2" time="0.002" ignored="0" failures="0" timestamp="12 Dec 2017 10:44:57 GMT" skipped="0" hostname="RIPLBRD50" errors="0">
  <testcase name="test1" time="0.001" classname="ExcelReaderTest.ParatmeterExample"/>
  <testcase name="test2" time="0.001" classname="ExcelReaderTest.ParatmeterExample"/>
</testsuite> <!-- ExcelReaderTest.ParatmeterExample -->
