<?xml version="1.0" encoding="UTF-8"?>
<!-- Generated by org.testng.reporters.JUnitReportReporter -->
<testsuite name="TestNgExample.Test2" tests="7" time="0.014" ignored="0" failures="0" timestamp="12 Dec 2017 11:56:29 GMT" skipped="0" hostname="RIPLBRD50" errors="0">
  <testcase name="test1" time="0.001" classname="TestNgExample.Test2"/>
  <testcase name="test1" time="0.001" classname="TestNgExample.Test2"/>
  <testcase name="test1" time="0.002" classname="TestNgExample.Test2"/>
  <testcase name="test1" time="0.000" classname="TestNgExample.Test2"/>
  <testcase name="test1" time="0.001" classname="TestNgExample.Test2"/>
  <testcase name="test1" time="0.001" classname="TestNgExample.Test2"/>
  <testcase name="test1" time="0.008" classname="TestNgExample.Test2"/>
</testsuite> <!-- TestNgExample.Test2 -->
