<?xml version="1.0" encoding="UTF-8"?>
<!-- Generated by org.testng.reporters.JUnitReportReporter -->
<testsuite name="StringConcept.StringVsStrinBuffer" tests="2" time="0.202" ignored="0" failures="0" timestamp="18 Dec 2017 06:40:21 GMT" skipped="0" hostname="RIPLBRD50" errors="0">
  <testcase name="StringExample" time="0.188" classname="StringConcept.StringVsStrinBuffer"/>
  <testcase name="StringBuffer" time="0.014" classname="StringConcept.StringVsStrinBuffer"/>
</testsuite> <!-- StringConcept.StringVsStrinBuffer -->
