<?xml version="1.0" encoding="UTF-8"?>
<!-- Generated by org.testng.reporters.JUnitReportReporter -->
<testsuite name="ExcelReaderTest.Excel_ReaderTest" tests="3" time="0.009" ignored="0" failures="0" timestamp="12 Dec 2017 11:19:30 GMT" skipped="0" hostname="RIPLBRD50" errors="0">
  <testcase name="test" time="0.001" classname="ExcelReaderTest.Excel_ReaderTest"/>
  <testcase name="test" time="0.001" classname="ExcelReaderTest.Excel_ReaderTest"/>
  <testcase name="test" time="0.007" classname="ExcelReaderTest.Excel_ReaderTest"/>
</testsuite> <!-- ExcelReaderTest.Excel_ReaderTest -->
