<?xml version="1.0" encoding="UTF-8"?>
<!-- Generated by org.testng.reporters.JUnitReportReporter -->
<testsuite name="ExcelReaderTest.ParatmeterExampleTest" tests="1" time="0.009" ignored="0" failures="0" timestamp="12 Dec 2017 10:45:42 GMT" skipped="0" hostname="RIPLBRD50" errors="0">
  <testcase name="test1" time="0.009" classname="ExcelReaderTest.ParatmeterExampleTest"/>
</testsuite> <!-- ExcelReaderTest.ParatmeterExampleTest -->
