<?xml version="1.0" encoding="UTF-8"?>
<!-- Generated by org.testng.reporters.JUnitReportReporter -->
<testsuite name="TestNgExample.ParellalTestExample" tests="8" time="0.064" ignored="0" failures="0" timestamp="25 Dec 2017 10:11:57 GMT" skipped="0" hostname="RIPLBRD50" errors="0">
  <testcase name="ParellelTest4" time="0.016" classname="TestNgExample.ParellalTestExample"/>
  <testcase name="ParellelTest3" time="0.000" classname="TestNgExample.ParellalTestExample"/>
  <testcase name="ParellelTest4" time="0.016" classname="TestNgExample.ParellalTestExample"/>
  <testcase name="ParellelTest3" time="0.000" classname="TestNgExample.ParellalTestExample"/>
  <testcase name="ParellelTest1" time="0.016" classname="TestNgExample.ParellalTestExample"/>
  <testcase name="ParellelTest2" time="0.000" classname="TestNgExample.ParellalTestExample"/>
  <testcase name="ParellelTest1" time="0.016" classname="TestNgExample.ParellalTestExample"/>
  <testcase name="ParellelTest2" time="0.000" classname="TestNgExample.ParellalTestExample"/>
</testsuite> <!-- TestNgExample.ParellalTestExample -->
