<?xml version="1.0" encoding="UTF-8"?>
<!-- Generated by org.testng.reporters.JUnitReportReporter -->
<testsuite name="ExcelReaderTest.Test2" tests="7" time="0.015" ignored="0" failures="0" timestamp="12 Dec 2017 08:44:18 GMT" skipped="0" hostname="RIPLBRD50" errors="0">
  <testcase name="test1" time="0.001" classname="ExcelReaderTest.Test2"/>
  <testcase name="test1" time="0.001" classname="ExcelReaderTest.Test2"/>
  <testcase name="test1" time="0.001" classname="ExcelReaderTest.Test2"/>
  <testcase name="test1" time="0.004" classname="ExcelReaderTest.Test2"/>
  <testcase name="test1" time="0.000" classname="ExcelReaderTest.Test2"/>
  <testcase name="test1" time="0.001" classname="ExcelReaderTest.Test2"/>
  <testcase name="test1" time="0.007" classname="ExcelReaderTest.Test2"/>
</testsuite> <!-- ExcelReaderTest.Test2 -->
