<?xml version="1.0" encoding="UTF-8"?>
<!-- Generated by org.testng.reporters.JUnitReportReporter -->
<testsuite name="ExcelReaderTest.DataProviderExample" tests="2" time="0.009" ignored="0" failures="0" timestamp="12 Dec 2017 09:51:16 GMT" skipped="0" hostname="RIPLBRD50" errors="0">
  <testcase name="DataProviderEx" time="0.001" classname="ExcelReaderTest.DataProviderExample"/>
  <testcase name="DataProviderEx" time="0.008" classname="ExcelReaderTest.DataProviderExample"/>
</testsuite> <!-- ExcelReaderTest.DataProviderExample -->
